2015-10-08 17:04:26 [org.springframework.beans.factory.support.DefaultListableBeanFactory]-[DEBUG] - Creating shared instance of singleton bean 'dataSource'
2015-10-08 17:04:26 [org.springframework.beans.factory.support.DefaultListableBeanFactory]-[DEBUG] - Creating instance of bean 'dataSource'
2015-10-08 17:04:26 [org.springframework.beans.factory.support.DefaultListableBeanFactory]-[DEBUG] - Creating shared instance of singleton bean 'org.springframework.aop.support.DefaultBeanFactoryPointcutAdvisor#0'
2015-10-08 17:04:26 [org.springframework.beans.factory.support.DefaultListableBeanFactory]-[DEBUG] - Creating instance of bean 'org.springframework.aop.support.DefaultBeanFactoryPointcutAdvisor#0'
2015-10-08 17:04:26 [org.springframework.beans.factory.support.DefaultListableBeanFactory]-[DEBUG] - Eagerly caching bean 'org.springframework.aop.support.DefaultBeanFactoryPointcutAdvisor#0' to allow for resolving potential circular references
2015-10-08 17:04:26 [org.springframework.beans.factory.support.DefaultListableBeanFactory]-[DEBUG] - Creating instance of bean '(inner bean)#1038a827'
2015-10-08 17:04:26 [org.springframework.beans.factory.support.DefaultListableBeanFactory]-[DEBUG] - Finished creating instance of bean '(inner bean)#1038a827'
2015-10-08 17:04:26 [org.springframework.beans.factory.support.DefaultListableBeanFactory]-[DEBUG] - Finished creating instance of bean 'org.springframework.aop.support.DefaultBeanFactoryPointcutAdvisor#0'
2015-10-08 17:04:26 [org.springframework.beans.factory.support.DefaultListableBeanFactory]-[DEBUG] - Eagerly caching bean 'dataSource' to allow for resolving potential circular references
2015-10-08 17:04:26 [org.springframework.beans.factory.support.DefaultListableBeanFactory]-[DEBUG] - Returning cached instance of singleton bean 'org.springframework.aop.support.DefaultBeanFactoryPointcutAdvisor#0'
2015-10-08 17:04:26 [org.springframework.beans.factory.support.DefaultListableBeanFactory]-[DEBUG] - Returning cached instance of singleton bean 'org.springframework.aop.support.DefaultBeanFactoryPointcutAdvisor#0'
2015-10-08 17:04:26 [org.springframework.beans.factory.support.DefaultListableBeanFactory]-[DEBUG] - Finished creating instance of bean 'dataSource'
2015-10-08 17:04:26 [org.springframework.beans.factory.support.DefaultListableBeanFactory]-[DEBUG] - Creating shared instance of singleton bean 'sqlSessionFactory'
2015-10-08 17:04:26 [org.springframework.beans.factory.support.DefaultListableBeanFactory]-[DEBUG] - Creating instance of bean 'sqlSessionFactory'
2015-10-08 17:04:26 [org.springframework.beans.factory.support.DefaultListableBeanFactory]-[DEBUG] - Returning cached instance of singleton bean 'org.springframework.aop.support.DefaultBeanFactoryPointcutAdvisor#0'
2015-10-08 17:04:26 [org.springframework.beans.factory.support.DefaultListableBeanFactory]-[DEBUG] - Eagerly caching bean 'sqlSessionFactory' to allow for resolving potential circular references
2015-10-08 17:04:26 [org.springframework.beans.factory.support.DefaultListableBeanFactory]-[DEBUG] - Returning cached instance of singleton bean 'dataSource'
2015-10-08 17:04:26 [org.springframework.beans.factory.support.DefaultListableBeanFactory]-[DEBUG] - Invoking afterPropertiesSet() on bean with name 'sqlSessionFactory'
2015-10-08 17:04:26 [org.springframework.beans.factory.support.DefaultListableBeanFactory]-[DEBUG] - Returning cached instance of singleton bean 'org.springframework.aop.support.DefaultBeanFactoryPointcutAdvisor#0'
2015-10-08 17:04:26 [org.springframework.beans.factory.support.DefaultListableBeanFactory]-[DEBUG] - Returning cached instance of singleton bean 'org.springframework.aop.support.DefaultBeanFactoryPointcutAdvisor#0'
2015-10-08 17:04:26 [org.springframework.beans.factory.support.DefaultListableBeanFactory]-[DEBUG] - Finished creating instance of bean 'sqlSessionFactory'
2015-10-08 17:04:26 [org.springframework.beans.factory.support.DefaultListableBeanFactory]-[DEBUG] - Returning cached instance of singleton bean 'org.mybatis.spring.mapper.MapperScannerConfigurer#0'
2015-10-08 17:04:26 [org.springframework.beans.factory.support.DefaultListableBeanFactory]-[DEBUG] - Creating shared instance of singleton bean 'org.springframework.jdbc.support.incrementer.MySQLMaxValueIncrementer#0'
2015-10-08 17:04:26 [org.springframework.beans.factory.support.DefaultListableBeanFactory]-[DEBUG] - Creating instance of bean 'org.springframework.jdbc.support.incrementer.MySQLMaxValueIncrementer#0'
2015-10-08 17:04:26 [org.springframework.beans.factory.support.DefaultListableBeanFactory]-[DEBUG] - Returning cached instance of singleton bean 'org.springframework.aop.support.DefaultBeanFactoryPointcutAdvisor#0'
2015-10-08 17:04:26 [org.springframework.beans.factory.support.DefaultListableBeanFactory]-[DEBUG] - Eagerly caching bean 'org.springframework.jdbc.support.incrementer.MySQLMaxValueIncrementer#0' to allow for resolving potential circular references
2015-10-08 17:04:26 [org.springframework.beans.factory.support.DefaultListableBeanFactory]-[DEBUG] - Returning cached instance of singleton bean 'dataSource'
2015-10-08 17:04:26 [org.springframework.beans.factory.support.DefaultListableBeanFactory]-[DEBUG] - Invoking afterPropertiesSet() on bean with name 'org.springframework.jdbc.support.incrementer.MySQLMaxValueIncrementer#0'
2015-10-08 17:04:26 [org.springframework.beans.factory.support.DefaultListableBeanFactory]-[DEBUG] - Returning cached instance of singleton bean 'org.springframework.aop.support.DefaultBeanFactoryPointcutAdvisor#0'
2015-10-08 17:04:26 [org.springframework.beans.factory.support.DefaultListableBeanFactory]-[DEBUG] - Returning cached instance of singleton bean 'org.springframework.aop.support.DefaultBeanFactoryPointcutAdvisor#0'
2015-10-08 17:04:26 [org.springframework.beans.factory.support.DefaultListableBeanFactory]-[DEBUG] - Finished creating instance of bean 'org.springframework.jdbc.support.incrementer.MySQLMaxValueIncrementer#0'
2015-10-08 17:04:26 [org.springframework.beans.factory.support.DefaultListableBeanFactory]-[DEBUG] - Creating shared instance of singleton bean 'transactionManager'
2015-10-08 17:04:26 [org.springframework.beans.factory.support.DefaultListableBeanFactory]-[DEBUG] - Creating instance of bean 'transactionManager'
2015-10-08 17:04:26 [org.springframework.beans.factory.support.DefaultListableBeanFactory]-[DEBUG] - Returning cached instance of singleton bean 'org.springframework.aop.support.DefaultBeanFactoryPointcutAdvisor#0'
2015-10-08 17:04:26 [org.springframework.beans.factory.support.DefaultListableBeanFactory]-[DEBUG] - Eagerly caching bean 'transactionManager' to allow for resolving potential circular references
2015-10-08 17:04:26 [org.springframework.beans.factory.support.DefaultListableBeanFactory]-[DEBUG] - Returning cached instance of singleton bean 'dataSource'
2015-10-08 17:04:26 [org.springframework.beans.factory.support.DefaultListableBeanFactory]-[DEBUG] - Invoking afterPropertiesSet() on bean with name 'transactionManager'
2015-10-08 17:04:26 [org.springframework.beans.factory.support.DefaultListableBeanFactory]-[DEBUG] - Returning cached instance of singleton bean 'org.springframework.aop.support.DefaultBeanFactoryPointcutAdvisor#0'
2015-10-08 17:04:26 [org.springframework.beans.factory.support.DefaultListableBeanFactory]-[DEBUG] - Returning cached instance of singleton bean 'org.springframework.aop.support.DefaultBeanFactoryPointcutAdvisor#0'
2015-10-08 17:04:26 [org.springframework.beans.factory.support.DefaultListableBeanFactory]-[DEBUG] - Finished creating instance of bean 'transactionManager'
2015-10-08 17:04:26 [org.springframework.beans.factory.support.DefaultListableBeanFactory]-[DEBUG] - Creating shared instance of singleton bean 'txAdvice'
2015-10-08 17:04:26 [org.springframework.beans.factory.support.DefaultListableBeanFactory]-[DEBUG] - Creating instance of bean 'txAdvice'
2015-10-08 17:04:26 [org.springframework.beans.factory.support.DefaultListableBeanFactory]-[DEBUG] - Eagerly caching bean 'txAdvice' to allow for resolving potential circular references
2015-10-08 17:04:26 [org.springframework.beans.factory.support.DefaultListableBeanFactory]-[DEBUG] - Returning cached instance of singleton bean 'transactionManager'
2015-10-08 17:04:26 [org.springframework.beans.factory.support.DefaultListableBeanFactory]-[DEBUG] - Creating instance of bean '(inner bean)#78b96ba8'
2015-10-08 17:04:26 [org.springframework.beans.factory.support.DefaultListableBeanFactory]-[DEBUG] - Returning cached instance of singleton bean 'org.springframework.aop.support.DefaultBeanFactoryPointcutAdvisor#0'
2015-10-08 17:04:26 [org.springframework.transaction.interceptor.NameMatchTransactionAttributeSource]-[DEBUG] - Adding transactional method [save*] with attribute [PROPAGATION_REQUIRED,ISOLATION_DEFAULT]
2015-10-08 17:04:26 [org.springframework.transaction.interceptor.NameMatchTransactionAttributeSource]-[DEBUG] - Adding transactional method [remove*] with attribute [PROPAGATION_REQUIRED,ISOLATION_DEFAULT]
2015-10-08 17:04:26 [org.springframework.transaction.interceptor.NameMatchTransactionAttributeSource]-[DEBUG] - Adding transactional method [mod*] with attribute [PROPAGATION_REQUIRED,ISOLATION_DEFAULT]
2015-10-08 17:04:26 [org.springframework.transaction.interceptor.NameMatchTransactionAttributeSource]-[DEBUG] - Adding transactional method [find*] with attribute [PROPAGATION_SUPPORTS,ISOLATION_DEFAULT,readOnly]
2015-10-08 17:04:26 [org.springframework.beans.factory.support.DefaultListableBeanFactory]-[DEBUG] - Returning cached instance of singleton bean 'org.springframework.aop.support.DefaultBeanFactoryPointcutAdvisor#0'
2015-10-08 17:04:26 [org.springframework.beans.factory.support.DefaultListableBeanFactory]-[DEBUG] - Returning cached instance of singleton bean 'org.springframework.aop.support.DefaultBeanFactoryPointcutAdvisor#0'
2015-10-08 17:04:26 [org.springframework.beans.factory.support.DefaultListableBeanFactory]-[DEBUG] - Finished creating instance of bean '(inner bean)#78b96ba8'
2015-10-08 17:04:26 [org.springframework.beans.factory.support.DefaultListableBeanFactory]-[DEBUG] - Invoking afterPropertiesSet() on bean with name 'txAdvice'
2015-10-08 17:04:26 [org.springframework.beans.factory.support.DefaultListableBeanFactory]-[DEBUG] - Finished creating instance of bean 'txAdvice'
2015-10-08 17:04:26 [org.springframework.beans.factory.support.DefaultListableBeanFactory]-[DEBUG] - Returning cached instance of singleton bean 'org.springframework.aop.config.internalAutoProxyCreator'
2015-10-08 17:04:26 [org.springframework.beans.factory.support.DefaultListableBeanFactory]-[DEBUG] - Returning cached instance of singleton bean 'org.springframework.aop.support.DefaultBeanFactoryPointcutAdvisor#0'
2015-10-08 17:04:26 [org.springframework.beans.factory.support.DefaultListableBeanFactory]-[DEBUG] - Creating shared instance of singleton bean 'userServiceImpl'
2015-10-08 17:04:26 [org.springframework.beans.factory.support.DefaultListableBeanFactory]-[DEBUG] - Creating instance of bean 'userServiceImpl'
2015-10-08 17:04:26 [org.springframework.beans.factory.support.DefaultListableBeanFactory]-[DEBUG] - Returning cached instance of singleton bean 'org.springframework.aop.support.DefaultBeanFactoryPointcutAdvisor#0'
2015-10-08 17:04:26 [org.springframework.web.context.support.XmlWebApplicationContext]-[WARN] - Exception encountered during context initialization - cancelling refresh attempt
org.springframework.beans.factory.BeanCreationException: Error creating bean with name 'userServiceImpl' defined in file [/Users/dujie/profession/gydl/project/eclipseworkspace/foodapp/target/classes/org/dj/service/impl/UserServiceImpl.class]: Instantiation of bean failed; nested exception is org.springframework.beans.BeanInstantiationException: Could not instantiate bean class [org.dj.service.impl.UserServiceImpl]: Constructor threw exception; nested exception is java.lang.Error: Unresolved compilation problems: 
	The import org.dj.dao cannot be resolved
	The import org.dj.dao cannot be resolved
	UserDao cannot be resolved to a type
	ResumeDao cannot be resolved to a type
	UserDao cannot be resolved to a type
	ResumeDao cannot be resolved to a type
	UserDao cannot be resolved to a type

	at org.springframework.beans.factory.support.AbstractAutowireCapableBeanFactory.instantiateBean(AbstractAutowireCapableBeanFactory.java:1039)
	at org.springframework.beans.factory.support.AbstractAutowireCapableBeanFactory.createBeanInstance(AbstractAutowireCapableBeanFactory.java:985)
	at org.springframework.beans.factory.support.AbstractAutowireCapableBeanFactory.doCreateBean(AbstractAutowireCapableBeanFactory.java:487)
	at org.springframework.beans.factory.support.AbstractAutowireCapableBeanFactory.createBean(AbstractAutowireCapableBeanFactory.java:458)
	at org.springframework.beans.factory.support.AbstractBeanFactory$1.getObject(AbstractBeanFactory.java:293)
	at org.springframework.beans.factory.support.DefaultSingletonBeanRegistry.getSingleton(DefaultSingletonBeanRegistry.java:223)
	at org.springframework.beans.factory.support.AbstractBeanFactory.doGetBean(AbstractBeanFactory.java:290)
	at org.springframework.beans.factory.support.AbstractBeanFactory.getBean(AbstractBeanFactory.java:191)
	at org.springframework.beans.factory.support.DefaultListableBeanFactory.preInstantiateSingletons(DefaultListableBeanFactory.java:636)
	at org.springframework.context.support.AbstractApplicationContext.finishBeanFactoryInitialization(AbstractApplicationContext.java:934)
	at org.springframework.context.support.AbstractApplicationContext.refresh(AbstractApplicationContext.java:479)
	at org.springframework.web.context.ContextLoader.configureAndRefreshWebApplicationContext(ContextLoader.java:410)
	at org.springframework.web.context.ContextLoader.initWebApplicationContext(ContextLoader.java:306)
	at org.springframework.web.context.ContextLoaderListener.contextInitialized(ContextLoaderListener.java:112)
	at org.mortbay.jetty.handler.ContextHandler.startContext(ContextHandler.java:549)
	at org.mortbay.jetty.servlet.Context.startContext(Context.java:136)
	at org.mortbay.jetty.webapp.WebAppContext.startContext(WebAppContext.java:1282)
	at org.mortbay.jetty.handler.ContextHandler.doStart(ContextHandler.java:518)
	at org.mortbay.jetty.webapp.WebAppContext.doStart(WebAppContext.java:499)
	at org.mortbay.jetty.plugin.Jetty6PluginWebAppContext.doStart(Jetty6PluginWebAppContext.java:115)
	at org.mortbay.component.AbstractLifeCycle.start(AbstractLifeCycle.java:50)
	at org.mortbay.jetty.plugin.AbstractJettyRunMojo.restartWebApp(AbstractJettyRunMojo.java:458)
	at org.mortbay.jetty.plugin.AbstractJettyRunMojo$1.filesChanged(AbstractJettyRunMojo.java:419)
	at org.mortbay.util.Scanner.reportBulkChanges(Scanner.java:486)
	at org.mortbay.util.Scanner.reportDifferences(Scanner.java:352)
	at org.mortbay.util.Scanner.scan(Scanner.java:280)
	at org.mortbay.util.Scanner$1.run(Scanner.java:232)
	at java.util.TimerThread.mainLoop(Timer.java:555)
	at java.util.TimerThread.run(Timer.java:505)
Caused by: org.springframework.beans.BeanInstantiationException: Could not instantiate bean class [org.dj.service.impl.UserServiceImpl]: Constructor threw exception; nested exception is java.lang.Error: Unresolved compilation problems: 
	The import org.dj.dao cannot be resolved
	The import org.dj.dao cannot be resolved
	UserDao cannot be resolved to a type
	ResumeDao cannot be resolved to a type
	UserDao cannot be resolved to a type
	ResumeDao cannot be resolved to a type
	UserDao cannot be resolved to a type

	at org.springframework.beans.BeanUtils.instantiateClass(BeanUtils.java:163)
	at org.springframework.beans.factory.support.SimpleInstantiationStrategy.instantiate(SimpleInstantiationStrategy.java:87)
	at org.springframework.beans.factory.support.AbstractAutowireCapableBeanFactory.instantiateBean(AbstractAutowireCapableBeanFactory.java:1032)
	... 28 more
Caused by: java.lang.Error: Unresolved compilation problems: 
	The import org.dj.dao cannot be resolved
	The import org.dj.dao cannot be resolved
	UserDao cannot be resolved to a type
	ResumeDao cannot be resolved to a type
	UserDao cannot be resolved to a type
	ResumeDao cannot be resolved to a type
	UserDao cannot be resolved to a type

	at org.dj.service.impl.UserServiceImpl.<init>(UserServiceImpl.java:6)
	at sun.reflect.NativeConstructorAccessorImpl.newInstance0(Native Method)
	at sun.reflect.NativeConstructorAccessorImpl.newInstance(NativeConstructorAccessorImpl.java:57)
	at sun.reflect.DelegatingConstructorAccessorImpl.newInstance(DelegatingConstructorAccessorImpl.java:45)
	at java.lang.reflect.Constructor.newInstance(Constructor.java:526)
	at org.springframework.beans.BeanUtils.instantiateClass(BeanUtils.java:148)
	... 30 more
2015-10-08 17:04:26 [org.springframework.beans.factory.support.DefaultListableBeanFactory]-[INFO] - Destroying singletons in org.springframework.beans.factory.support.DefaultListableBeanFactory@23031baf: defining beans [org.springframework.context.support.PropertySourcesPlaceholderConfigurer#0,dataSource,sqlSessionFactory,org.mybatis.spring.mapper.MapperScannerConfigurer#0,org.springframework.jdbc.support.incrementer.MySQLMaxValueIncrementer#0,transactionManager,txAdvice,org.springframework.aop.config.internalAutoProxyCreator,org.springframework.aop.support.DefaultBeanFactoryPointcutAdvisor#0,userServiceImpl,org.springframework.context.annotation.internalConfigurationAnnotationProcessor,org.springframework.context.annotation.internalAutowiredAnnotationProcessor,org.springframework.context.annotation.internalRequiredAnnotationProcessor,org.springframework.context.annotation.internalCommonAnnotationProcessor,org.springframework.context.annotation.ConfigurationClassPostProcessor.importAwareProcessor]; root of factory hierarchy
2015-10-08 17:04:26 [org.springframework.beans.factory.support.DefaultListableBeanFactory]-[DEBUG] - Retrieved dependent beans for bean '(inner bean)#78b96ba8': [txAdvice]
2015-10-08 17:04:26 [org.springframework.beans.factory.support.DefaultListableBeanFactory]-[DEBUG] - Retrieved dependent beans for bean '(inner bean)#1038a827': [org.springframework.aop.support.DefaultBeanFactoryPointcutAdvisor#0]
2015-10-08 17:04:26 [org.springframework.web.context.ContextLoader]-[ERROR] - Context initialization failed
org.springframework.beans.factory.BeanCreationException: Error creating bean with name 'userServiceImpl' defined in file [/Users/dujie/profession/gydl/project/eclipseworkspace/foodapp/target/classes/org/dj/service/impl/UserServiceImpl.class]: Instantiation of bean failed; nested exception is org.springframework.beans.BeanInstantiationException: Could not instantiate bean class [org.dj.service.impl.UserServiceImpl]: Constructor threw exception; nested exception is java.lang.Error: Unresolved compilation problems: 
	The import org.dj.dao cannot be resolved
	The import org.dj.dao cannot be resolved
	UserDao cannot be resolved to a type
	ResumeDao cannot be resolved to a type
	UserDao cannot be resolved to a type
	ResumeDao cannot be resolved to a type
	UserDao cannot be resolved to a type

	at org.springframework.beans.factory.support.AbstractAutowireCapableBeanFactory.instantiateBean(AbstractAutowireCapableBeanFactory.java:1039)
	at org.springframework.beans.factory.support.AbstractAutowireCapableBeanFactory.createBeanInstance(AbstractAutowireCapableBeanFactory.java:985)
	at org.springframework.beans.factory.support.AbstractAutowireCapableBeanFactory.doCreateBean(AbstractAutowireCapableBeanFactory.java:487)
	at org.springframework.beans.factory.support.AbstractAutowireCapableBeanFactory.createBean(AbstractAutowireCapableBeanFactory.java:458)
	at org.springframework.beans.factory.support.AbstractBeanFactory$1.getObject(AbstractBeanFactory.java:293)
	at org.springframework.beans.factory.support.DefaultSingletonBeanRegistry.getSingleton(DefaultSingletonBeanRegistry.java:223)
	at org.springframework.beans.factory.support.AbstractBeanFactory.doGetBean(AbstractBeanFactory.java:290)
	at org.springframework.beans.factory.support.AbstractBeanFactory.getBean(AbstractBeanFactory.java:191)
	at org.springframework.beans.factory.support.DefaultListableBeanFactory.preInstantiateSingletons(DefaultListableBeanFactory.java:636)
	at org.springframework.context.support.AbstractApplicationContext.finishBeanFactoryInitialization(AbstractApplicationContext.java:934)
	at org.springframework.context.support.AbstractApplicationContext.refresh(AbstractApplicationContext.java:479)
	at org.springframework.web.context.ContextLoader.configureAndRefreshWebApplicationContext(ContextLoader.java:410)
	at org.springframework.web.context.ContextLoader.initWebApplicationContext(ContextLoader.java:306)
	at org.springframework.web.context.ContextLoaderListener.contextInitialized(ContextLoaderListener.java:112)
	at org.mortbay.jetty.handler.ContextHandler.startContext(ContextHandler.java:549)
	at org.mortbay.jetty.servlet.Context.startContext(Context.java:136)
	at org.mortbay.jetty.webapp.WebAppContext.startContext(WebAppContext.java:1282)
	at org.mortbay.jetty.handler.ContextHandler.doStart(ContextHandler.java:518)
	at org.mortbay.jetty.webapp.WebAppContext.doStart(WebAppContext.java:499)
	at org.mortbay.jetty.plugin.Jetty6PluginWebAppContext.doStart(Jetty6PluginWebAppContext.java:115)
	at org.mortbay.component.AbstractLifeCycle.start(AbstractLifeCycle.java:50)
	at org.mortbay.jetty.plugin.AbstractJettyRunMojo.restartWebApp(AbstractJettyRunMojo.java:458)
	at org.mortbay.jetty.plugin.AbstractJettyRunMojo$1.filesChanged(AbstractJettyRunMojo.java:419)
	at org.mortbay.util.Scanner.reportBulkChanges(Scanner.java:486)
	at org.mortbay.util.Scanner.reportDifferences(Scanner.java:352)
	at org.mortbay.util.Scanner.scan(Scanner.java:280)
	at org.mortbay.util.Scanner$1.run(Scanner.java:232)
	at java.util.TimerThread.mainLoop(Timer.java:555)
	at java.util.TimerThread.run(Timer.java:505)
Caused by: org.springframework.beans.BeanInstantiationException: Could not instantiate bean class [org.dj.service.impl.UserServiceImpl]: Constructor threw exception; nested exception is java.lang.Error: Unresolved compilation problems: 
	The import org.dj.dao cannot be resolved
	The import org.dj.dao cannot be resolved
	UserDao cannot be resolved to a type
	ResumeDao cannot be resolved to a type
	UserDao cannot be resolved to a type
	ResumeDao cannot be resolved to a type
	UserDao cannot be resolved to a type

	at org.springframework.beans.BeanUtils.instantiateClass(BeanUtils.java:163)
	at org.springframework.beans.factory.support.SimpleInstantiationStrategy.instantiate(SimpleInstantiationStrategy.java:87)
	at org.springframework.beans.factory.support.AbstractAutowireCapableBeanFactory.instantiateBean(AbstractAutowireCapableBeanFactory.java:1032)
	... 28 more
Caused by: java.lang.Error: Unresolved compilation problems: 
	The import org.dj.dao cannot be resolved
	The import org.dj.dao cannot be resolved
	UserDao cannot be resolved to a type
	ResumeDao cannot be resolved to a type
	UserDao cannot be resolved to a type
	ResumeDao cannot be resolved to a type
	UserDao cannot be resolved to a type

	at org.dj.service.impl.UserServiceImpl.<init>(UserServiceImpl.java:6)
	at sun.reflect.NativeConstructorAccessorImpl.newInstance0(Native Method)
	at sun.reflect.NativeConstructorAccessorImpl.newInstance(NativeConstructorAccessorImpl.java:57)
	at sun.reflect.DelegatingConstructorAccessorImpl.newInstance(DelegatingConstructorAccessorImpl.java:45)
	at java.lang.reflect.Constructor.newInstance(Constructor.java:526)
	at org.springframework.beans.BeanUtils.instantiateClass(BeanUtils.java:148)
	... 30 more
